-------------------------------------------------------------------------------
Test set: com.digitalinnovationone.springbootconfig.SpringbootconfigApplicationTests
-------------------------------------------------------------------------------
Tests run: 1, Failures: 0, Errors: 1, Skipped: 0, Time elapsed: 6.168 s <<< FAILURE! - in com.digitalinnovationone.springbootconfig.SpringbootconfigApplicationTests
contextLoads  Time elapsed: 0.002 s  <<< ERROR!
java.lang.IllegalStateException: Failed to load ApplicationContext
Caused by: org.springframework.beans.factory.BeanCreationException: Error creating bean with name 'appController': Injection of autowired dependencies failed; nested exception is java.lang.IllegalArgumentException: Could not resolve placeholder 'app.message' in value "${app.message}"
Caused by: java.lang.IllegalArgumentException: Could not resolve placeholder 'app.message' in value "${app.message}"

